mode: set
github.com/highlight-apps/node-backend/backend/singbox/account.go:29.49,31.2 1 1
github.com/highlight-apps/node-backend/backend/singbox/account.go:33.43,35.2 1 1
github.com/highlight-apps/node-backend/backend/singbox/account.go:37.42,39.2 1 1
github.com/highlight-apps/node-backend/backend/singbox/account.go:46.61,51.2 1 1
github.com/highlight-apps/node-backend/backend/singbox/account.go:53.48,57.2 1 1
github.com/highlight-apps/node-backend/backend/singbox/account.go:64.69,69.2 1 1
github.com/highlight-apps/node-backend/backend/singbox/account.go:71.52,75.2 1 1
github.com/highlight-apps/node-backend/backend/singbox/account.go:82.83,87.16 2 1
github.com/highlight-apps/node-backend/backend/singbox/account.go:87.16,89.3 1 1
github.com/highlight-apps/node-backend/backend/singbox/account.go:91.2,91.65 1 1
github.com/highlight-apps/node-backend/backend/singbox/account.go:91.65,93.3 1 1
github.com/highlight-apps/node-backend/backend/singbox/account.go:95.2,95.21 1 1
github.com/highlight-apps/node-backend/backend/singbox/account.go:98.48,103.2 1 1
github.com/highlight-apps/node-backend/backend/singbox/account.go:111.98,117.16 2 1
github.com/highlight-apps/node-backend/backend/singbox/account.go:117.16,119.3 1 1
github.com/highlight-apps/node-backend/backend/singbox/account.go:121.2,121.65 1 1
github.com/highlight-apps/node-backend/backend/singbox/account.go:121.65,123.3 1 1
github.com/highlight-apps/node-backend/backend/singbox/account.go:125.2,125.21 1 1
github.com/highlight-apps/node-backend/backend/singbox/account.go:128.48,134.2 1 1
github.com/highlight-apps/node-backend/backend/singbox/account.go:141.89,146.20 2 1
github.com/highlight-apps/node-backend/backend/singbox/account.go:146.20,148.3 1 1
github.com/highlight-apps/node-backend/backend/singbox/account.go:150.2,150.65 1 1
github.com/highlight-apps/node-backend/backend/singbox/account.go:150.65,152.3 1 1
github.com/highlight-apps/node-backend/backend/singbox/account.go:154.2,154.21 1 1
github.com/highlight-apps/node-backend/backend/singbox/account.go:157.49,162.2 1 1
github.com/highlight-apps/node-backend/backend/singbox/account.go:169.99,174.20 2 1
github.com/highlight-apps/node-backend/backend/singbox/account.go:174.20,176.3 1 1
github.com/highlight-apps/node-backend/backend/singbox/account.go:178.2,178.65 1 1
github.com/highlight-apps/node-backend/backend/singbox/account.go:178.65,180.3 1 1
github.com/highlight-apps/node-backend/backend/singbox/account.go:182.2,182.21 1 1
github.com/highlight-apps/node-backend/backend/singbox/account.go:185.54,190.2 1 1
github.com/highlight-apps/node-backend/backend/singbox/account.go:198.84,203.16 2 1
github.com/highlight-apps/node-backend/backend/singbox/account.go:203.16,205.3 1 1
github.com/highlight-apps/node-backend/backend/singbox/account.go:206.2,206.20 1 1
github.com/highlight-apps/node-backend/backend/singbox/account.go:206.20,208.3 1 1
github.com/highlight-apps/node-backend/backend/singbox/account.go:210.2,210.65 1 1
github.com/highlight-apps/node-backend/backend/singbox/account.go:210.65,212.3 1 1
github.com/highlight-apps/node-backend/backend/singbox/account.go:214.2,214.21 1 1
github.com/highlight-apps/node-backend/backend/singbox/account.go:217.47,223.2 1 1
github.com/highlight-apps/node-backend/backend/singbox/account.go:230.88,235.20 2 1
github.com/highlight-apps/node-backend/backend/singbox/account.go:235.20,237.3 1 1
github.com/highlight-apps/node-backend/backend/singbox/account.go:239.2,239.65 1 1
github.com/highlight-apps/node-backend/backend/singbox/account.go:239.65,241.3 1 1
github.com/highlight-apps/node-backend/backend/singbox/account.go:243.2,243.21 1 1
github.com/highlight-apps/node-backend/backend/singbox/account.go:246.52,251.2 1 1
github.com/highlight-apps/node-backend/backend/singbox/account.go:258.80,263.20 2 1
github.com/highlight-apps/node-backend/backend/singbox/account.go:263.20,265.3 1 1
github.com/highlight-apps/node-backend/backend/singbox/account.go:267.2,267.65 1 1
github.com/highlight-apps/node-backend/backend/singbox/account.go:267.65,269.3 1 1
github.com/highlight-apps/node-backend/backend/singbox/account.go:271.2,271.21 1 1
github.com/highlight-apps/node-backend/backend/singbox/account.go:274.48,279.2 1 1
github.com/highlight-apps/node-backend/backend/singbox/account.go:286.88,291.20 2 1
github.com/highlight-apps/node-backend/backend/singbox/account.go:291.20,293.3 1 1
github.com/highlight-apps/node-backend/backend/singbox/account.go:295.2,295.65 1 1
github.com/highlight-apps/node-backend/backend/singbox/account.go:295.65,297.3 1 1
github.com/highlight-apps/node-backend/backend/singbox/account.go:299.2,299.21 1 1
github.com/highlight-apps/node-backend/backend/singbox/account.go:302.52,307.2 1 1
github.com/highlight-apps/node-backend/backend/singbox/account.go:314.80,319.20 2 1
github.com/highlight-apps/node-backend/backend/singbox/account.go:319.20,321.3 1 1
github.com/highlight-apps/node-backend/backend/singbox/account.go:323.2,323.65 1 1
github.com/highlight-apps/node-backend/backend/singbox/account.go:323.65,325.3 1 1
github.com/highlight-apps/node-backend/backend/singbox/account.go:327.2,327.21 1 1
github.com/highlight-apps/node-backend/backend/singbox/account.go:330.48,335.2 1 1
github.com/highlight-apps/node-backend/backend/singbox/account.go:342.78,347.20 2 1
github.com/highlight-apps/node-backend/backend/singbox/account.go:347.20,349.3 1 1
github.com/highlight-apps/node-backend/backend/singbox/account.go:351.2,351.65 1 1
github.com/highlight-apps/node-backend/backend/singbox/account.go:351.65,353.3 1 1
github.com/highlight-apps/node-backend/backend/singbox/account.go:355.2,355.21 1 1
github.com/highlight-apps/node-backend/backend/singbox/account.go:358.47,363.2 1 1
github.com/highlight-apps/node-backend/backend/singbox/account.go:370.80,375.20 2 1
github.com/highlight-apps/node-backend/backend/singbox/account.go:375.20,377.3 1 1
github.com/highlight-apps/node-backend/backend/singbox/account.go:379.2,379.65 1 1
github.com/highlight-apps/node-backend/backend/singbox/account.go:379.65,381.3 1 1
github.com/highlight-apps/node-backend/backend/singbox/account.go:383.2,383.21 1 1
github.com/highlight-apps/node-backend/backend/singbox/account.go:386.48,391.2 1 1
github.com/highlight-apps/node-backend/backend/singbox/account.go:402.86,404.41 2 1
github.com/highlight-apps/node-backend/backend/singbox/account.go:404.41,406.4 1 1
github.com/highlight-apps/node-backend/backend/singbox/account.go:407.3,407.59 1 1
github.com/highlight-apps/node-backend/backend/singbox/account.go:409.81,411.41 2 1
github.com/highlight-apps/node-backend/backend/singbox/account.go:411.41,413.4 1 1
github.com/highlight-apps/node-backend/backend/singbox/account.go:414.3,414.54 1 1
github.com/highlight-apps/node-backend/backend/singbox/account.go:416.80,418.37 2 1
github.com/highlight-apps/node-backend/backend/singbox/account.go:418.37,420.4 1 1
github.com/highlight-apps/node-backend/backend/singbox/account.go:421.3,421.49 1 1
github.com/highlight-apps/node-backend/backend/singbox/account.go:423.80,426.18 3 1
github.com/highlight-apps/node-backend/backend/singbox/account.go:426.18,427.23 1 1
github.com/highlight-apps/node-backend/backend/singbox/account.go:427.23,429.5 1 1
github.com/highlight-apps/node-backend/backend/singbox/account.go:430.4,430.23 1 1
github.com/highlight-apps/node-backend/backend/singbox/account.go:430.23,432.5 1 1
github.com/highlight-apps/node-backend/backend/singbox/account.go:434.3,434.55 1 1
github.com/highlight-apps/node-backend/backend/singbox/account.go:436.79,439.18 3 1
github.com/highlight-apps/node-backend/backend/singbox/account.go:439.18,440.23 1 1
github.com/highlight-apps/node-backend/backend/singbox/account.go:440.23,442.5 1 1
github.com/highlight-apps/node-backend/backend/singbox/account.go:443.4,443.27 1 1
github.com/highlight-apps/node-backend/backend/singbox/account.go:443.27,445.5 1 1
github.com/highlight-apps/node-backend/backend/singbox/account.go:447.3,447.58 1 1
github.com/highlight-apps/node-backend/backend/singbox/account.go:449.84,451.41 2 1
github.com/highlight-apps/node-backend/backend/singbox/account.go:451.41,453.4 1 1
github.com/highlight-apps/node-backend/backend/singbox/account.go:454.3,454.57 1 1
github.com/highlight-apps/node-backend/backend/singbox/account.go:456.84,458.41 2 1
github.com/highlight-apps/node-backend/backend/singbox/account.go:458.41,460.4 1 1
github.com/highlight-apps/node-backend/backend/singbox/account.go:461.3,461.57 1 1
github.com/highlight-apps/node-backend/backend/singbox/account.go:463.80,465.41 2 1
github.com/highlight-apps/node-backend/backend/singbox/account.go:465.41,467.4 1 1
github.com/highlight-apps/node-backend/backend/singbox/account.go:468.3,468.53 1 1
github.com/highlight-apps/node-backend/backend/singbox/account.go:470.80,472.41 2 1
github.com/highlight-apps/node-backend/backend/singbox/account.go:472.41,474.4 1 1
github.com/highlight-apps/node-backend/backend/singbox/account.go:475.3,475.53 1 1
github.com/highlight-apps/node-backend/backend/singbox/account.go:477.80,479.41 2 1
github.com/highlight-apps/node-backend/backend/singbox/account.go:479.41,481.4 1 1
github.com/highlight-apps/node-backend/backend/singbox/account.go:482.3,482.53 1 1
github.com/highlight-apps/node-backend/backend/singbox/account.go:484.79,486.41 2 1
github.com/highlight-apps/node-backend/backend/singbox/account.go:486.41,488.4 1 1
github.com/highlight-apps/node-backend/backend/singbox/account.go:489.3,489.52 1 1
github.com/highlight-apps/node-backend/backend/singbox/account.go:493.94,495.13 2 1
github.com/highlight-apps/node-backend/backend/singbox/account.go:495.13,497.3 1 1
github.com/highlight-apps/node-backend/backend/singbox/account.go:498.2,498.40 1 1
github.com/highlight-apps/node-backend/backend/singbox/account.go:501.72,502.16 1 1
github.com/highlight-apps/node-backend/backend/singbox/account.go:502.16,504.3 1 1
github.com/highlight-apps/node-backend/backend/singbox/account.go:506.2,509.30 3 1
github.com/highlight-apps/node-backend/backend/singbox/account.go:509.30,514.22 4 1
github.com/highlight-apps/node-backend/backend/singbox/account.go:514.22,515.12 1 1
github.com/highlight-apps/node-backend/backend/singbox/account.go:518.3,518.20 1 1
github.com/highlight-apps/node-backend/backend/singbox/account.go:519.15,520.38 1 1
github.com/highlight-apps/node-backend/backend/singbox/account.go:520.38,522.27 2 1
github.com/highlight-apps/node-backend/backend/singbox/account.go:522.27,524.20 2 1
github.com/highlight-apps/node-backend/backend/singbox/account.go:524.20,526.7 1 1
github.com/highlight-apps/node-backend/backend/singbox/account.go:527.6,527.27 1 1
github.com/highlight-apps/node-backend/backend/singbox/account.go:530.19,531.38 1 1
github.com/highlight-apps/node-backend/backend/singbox/account.go:531.38,533.27 2 1
github.com/highlight-apps/node-backend/backend/singbox/account.go:533.27,536.6 2 1
github.com/highlight-apps/node-backend/backend/singbox/account.go:541.2,541.12 1 1
github.com/highlight-apps/node-backend/backend/singbox/backend.go:38.134,40.16 2 1
github.com/highlight-apps/node-backend/backend/singbox/backend.go:40.16,42.3 1 0
github.com/highlight-apps/node-backend/backend/singbox/backend.go:44.2,58.21 4 1
github.com/highlight-apps/node-backend/backend/singbox/backend.go:61.47,63.2 1 0
github.com/highlight-apps/node-backend/backend/singbox/backend.go:65.45,67.2 1 0
github.com/highlight-apps/node-backend/backend/singbox/backend.go:69.52,71.2 1 0
github.com/highlight-apps/node-backend/backend/singbox/backend.go:73.41,75.2 1 0
github.com/highlight-apps/node-backend/backend/singbox/backend.go:77.55,79.2 1 0
github.com/highlight-apps/node-backend/backend/singbox/backend.go:81.46,86.6 4 1
github.com/highlight-apps/node-backend/backend/singbox/backend.go:86.6,87.10 1 1
github.com/highlight-apps/node-backend/backend/singbox/backend.go:88.19,91.11 3 1
github.com/highlight-apps/node-backend/backend/singbox/backend.go:92.31,95.19 3 0
github.com/highlight-apps/node-backend/backend/singbox/backend.go:95.19,98.14 3 0
github.com/highlight-apps/node-backend/backend/singbox/backend.go:100.5,101.45 2 0
github.com/highlight-apps/node-backend/backend/singbox/backend.go:101.45,103.6 1 0
github.com/highlight-apps/node-backend/backend/singbox/backend.go:104.12,104.12 0 1
github.com/highlight-apps/node-backend/backend/singbox/backend.go:106.4,106.38 1 1
github.com/highlight-apps/node-backend/backend/singbox/backend.go:111.86,113.2 1 0
github.com/highlight-apps/node-backend/backend/singbox/backend.go:115.70,117.16 2 0
github.com/highlight-apps/node-backend/backend/singbox/backend.go:117.16,119.3 1 0
github.com/highlight-apps/node-backend/backend/singbox/backend.go:120.2,120.26 1 0
github.com/highlight-apps/node-backend/backend/singbox/backend.go:123.69,125.10 2 0
github.com/highlight-apps/node-backend/backend/singbox/backend.go:125.10,127.3 1 0
github.com/highlight-apps/node-backend/backend/singbox/backend.go:129.2,129.49 1 0
github.com/highlight-apps/node-backend/backend/singbox/backend.go:132.69,133.37 1 0
github.com/highlight-apps/node-backend/backend/singbox/backend.go:133.37,135.17 2 0
github.com/highlight-apps/node-backend/backend/singbox/backend.go:135.17,137.4 1 0
github.com/highlight-apps/node-backend/backend/singbox/backend.go:138.3,138.30 1 0
github.com/highlight-apps/node-backend/backend/singbox/backend.go:138.30,139.61 1 0
github.com/highlight-apps/node-backend/backend/singbox/backend.go:139.61,141.5 1 0
github.com/highlight-apps/node-backend/backend/singbox/backend.go:144.2,144.12 1 0
github.com/highlight-apps/node-backend/backend/singbox/backend.go:147.45,149.6 2 1
github.com/highlight-apps/node-backend/backend/singbox/backend.go:149.6,151.31 2 1
github.com/highlight-apps/node-backend/backend/singbox/backend.go:151.31,154.38 3 0
github.com/highlight-apps/node-backend/backend/singbox/backend.go:154.38,159.45 4 0
github.com/highlight-apps/node-backend/backend/singbox/backend.go:159.45,161.6 1 0
github.com/highlight-apps/node-backend/backend/singbox/backend.go:162.5,162.13 1 0
github.com/highlight-apps/node-backend/backend/singbox/backend.go:164.9,166.4 1 0
github.com/highlight-apps/node-backend/backend/singbox/backend.go:167.3,167.35 1 0
github.com/highlight-apps/node-backend/backend/singbox/backend.go:171.78,174.26 2 0
github.com/highlight-apps/node-backend/backend/singbox/backend.go:174.26,176.17 2 0
github.com/highlight-apps/node-backend/backend/singbox/backend.go:176.17,178.4 1 0
github.com/highlight-apps/node-backend/backend/singbox/backend.go:179.3,179.27 1 0
github.com/highlight-apps/node-backend/backend/singbox/backend.go:180.8,181.38 1 0
github.com/highlight-apps/node-backend/backend/singbox/backend.go:182.15,183.19 1 0
github.com/highlight-apps/node-backend/backend/singbox/backend.go:184.15,185.27 1 0
github.com/highlight-apps/node-backend/backend/singbox/backend.go:186.11,188.18 2 0
github.com/highlight-apps/node-backend/backend/singbox/backend.go:188.18,190.5 1 0
github.com/highlight-apps/node-backend/backend/singbox/backend.go:191.4,191.28 1 0
github.com/highlight-apps/node-backend/backend/singbox/backend.go:194.3,195.74 2 0
github.com/highlight-apps/node-backend/backend/singbox/backend.go:195.74,197.4 1 0
github.com/highlight-apps/node-backend/backend/singbox/backend.go:199.3,200.17 2 0
github.com/highlight-apps/node-backend/backend/singbox/backend.go:200.17,202.4 1 0
github.com/highlight-apps/node-backend/backend/singbox/backend.go:204.3,204.65 1 0
github.com/highlight-apps/node-backend/backend/singbox/backend.go:204.65,206.4 1 0
github.com/highlight-apps/node-backend/backend/singbox/backend.go:208.3,208.33 1 0
github.com/highlight-apps/node-backend/backend/singbox/backend.go:211.2,212.16 2 0
github.com/highlight-apps/node-backend/backend/singbox/backend.go:212.16,214.3 1 0
github.com/highlight-apps/node-backend/backend/singbox/backend.go:216.2,217.16 2 0
github.com/highlight-apps/node-backend/backend/singbox/backend.go:217.16,219.3 1 0
github.com/highlight-apps/node-backend/backend/singbox/backend.go:221.2,225.37 4 0
github.com/highlight-apps/node-backend/backend/singbox/backend.go:225.37,227.3 1 0
github.com/highlight-apps/node-backend/backend/singbox/backend.go:229.2,229.61 1 0
github.com/highlight-apps/node-backend/backend/singbox/backend.go:229.61,231.3 1 0
github.com/highlight-apps/node-backend/backend/singbox/backend.go:233.2,233.47 1 0
github.com/highlight-apps/node-backend/backend/singbox/backend.go:233.47,235.3 1 0
github.com/highlight-apps/node-backend/backend/singbox/backend.go:237.2,238.16 2 0
github.com/highlight-apps/node-backend/backend/singbox/backend.go:238.16,240.3 1 0
github.com/highlight-apps/node-backend/backend/singbox/backend.go:242.2,242.55 1 0
github.com/highlight-apps/node-backend/backend/singbox/backend.go:242.55,244.3 1 0
github.com/highlight-apps/node-backend/backend/singbox/backend.go:246.2,247.16 2 0
github.com/highlight-apps/node-backend/backend/singbox/backend.go:247.16,249.3 1 0
github.com/highlight-apps/node-backend/backend/singbox/backend.go:250.2,252.35 2 0
github.com/highlight-apps/node-backend/backend/singbox/backend.go:255.58,256.40 1 0
github.com/highlight-apps/node-backend/backend/singbox/backend.go:256.40,258.3 1 0
github.com/highlight-apps/node-backend/backend/singbox/backend.go:260.2,260.37 1 0
github.com/highlight-apps/node-backend/backend/singbox/backend.go:260.37,261.58 1 0
github.com/highlight-apps/node-backend/backend/singbox/backend.go:261.58,263.4 1 0
github.com/highlight-apps/node-backend/backend/singbox/backend.go:266.2,269.12 3 0
github.com/highlight-apps/node-backend/backend/singbox/backend.go:272.80,276.28 3 0
github.com/highlight-apps/node-backend/backend/singbox/backend.go:276.28,278.17 2 0
github.com/highlight-apps/node-backend/backend/singbox/backend.go:278.17,280.4 1 0
github.com/highlight-apps/node-backend/backend/singbox/backend.go:281.3,281.38 1 0
github.com/highlight-apps/node-backend/backend/singbox/backend.go:284.2,284.36 1 0
github.com/highlight-apps/node-backend/backend/singbox/backend.go:284.36,286.3 1 0
github.com/highlight-apps/node-backend/backend/singbox/backend.go:288.2,288.36 1 0
github.com/highlight-apps/node-backend/backend/singbox/backend.go:291.103,295.59 3 0
github.com/highlight-apps/node-backend/backend/singbox/backend.go:295.59,297.3 1 0
github.com/highlight-apps/node-backend/backend/singbox/backend.go:299.2,299.9 1 0
github.com/highlight-apps/node-backend/backend/singbox/backend.go:300.41,300.41 0 0
github.com/highlight-apps/node-backend/backend/singbox/backend.go:301.10,301.10 0 0
github.com/highlight-apps/node-backend/backend/singbox/backend.go:304.2,304.12 1 0
github.com/highlight-apps/node-backend/backend/singbox/backend.go:307.106,311.56 3 0
github.com/highlight-apps/node-backend/backend/singbox/backend.go:311.56,313.3 1 0
github.com/highlight-apps/node-backend/backend/singbox/backend.go:315.2,315.9 1 0
github.com/highlight-apps/node-backend/backend/singbox/backend.go:316.41,316.41 0 0
github.com/highlight-apps/node-backend/backend/singbox/backend.go:317.10,317.10 0 0
github.com/highlight-apps/node-backend/backend/singbox/backend.go:320.2,320.12 1 0
github.com/highlight-apps/node-backend/backend/singbox/backend.go:323.98,326.12 2 0
github.com/highlight-apps/node-backend/backend/singbox/backend.go:326.12,329.20 2 0
github.com/highlight-apps/node-backend/backend/singbox/backend.go:329.20,331.32 2 0
github.com/highlight-apps/node-backend/backend/singbox/backend.go:331.32,332.12 1 0
github.com/highlight-apps/node-backend/backend/singbox/backend.go:333.26,333.26 0 0
github.com/highlight-apps/node-backend/backend/singbox/backend.go:334.23,335.12 1 0
github.com/highlight-apps/node-backend/backend/singbox/backend.go:340.3,341.32 2 0
github.com/highlight-apps/node-backend/backend/singbox/backend.go:341.32,342.11 1 0
github.com/highlight-apps/node-backend/backend/singbox/backend.go:343.25,343.25 0 0
github.com/highlight-apps/node-backend/backend/singbox/backend.go:344.22,345.11 1 0
github.com/highlight-apps/node-backend/backend/singbox/backend.go:350.2,350.21 1 0
github.com/highlight-apps/node-backend/backend/singbox/backend.go:353.70,354.18 1 0
github.com/highlight-apps/node-backend/backend/singbox/backend.go:354.18,356.3 1 0
github.com/highlight-apps/node-backend/backend/singbox/backend.go:358.2,362.16 4 0
github.com/highlight-apps/node-backend/backend/singbox/backend.go:362.16,365.3 2 0
github.com/highlight-apps/node-backend/backend/singbox/backend.go:367.2,368.32 2 0
github.com/highlight-apps/node-backend/backend/singbox/backend.go:368.32,370.21 2 0
github.com/highlight-apps/node-backend/backend/singbox/backend.go:370.21,371.66 1 0
github.com/highlight-apps/node-backend/backend/singbox/backend.go:371.66,373.5 1 0
github.com/highlight-apps/node-backend/backend/singbox/backend.go:377.2,377.19 1 0
github.com/highlight-apps/node-backend/backend/singbox/backend.go:380.30,381.18 1 0
github.com/highlight-apps/node-backend/backend/singbox/backend.go:381.18,383.3 1 0
github.com/highlight-apps/node-backend/backend/singbox/backend.go:385.2,385.48 1 0
github.com/highlight-apps/node-backend/backend/singbox/backend.go:385.48,387.3 1 0
github.com/highlight-apps/node-backend/backend/singbox/backend.go:389.2,389.14 1 0
github.com/highlight-apps/node-backend/backend/singbox/config.go:24.91,27.68 2 1
github.com/highlight-apps/node-backend/backend/singbox/config.go:27.68,29.21 2 1
github.com/highlight-apps/node-backend/backend/singbox/config.go:29.21,31.4 1 1
github.com/highlight-apps/node-backend/backend/singbox/config.go:32.3,32.63 1 1
github.com/highlight-apps/node-backend/backend/singbox/config.go:32.63,34.4 1 1
github.com/highlight-apps/node-backend/backend/singbox/config.go:37.2,48.15 4 1
github.com/highlight-apps/node-backend/backend/singbox/config.go:51.36,53.9 2 1
github.com/highlight-apps/node-backend/backend/singbox/config.go:53.9,56.3 2 1
github.com/highlight-apps/node-backend/backend/singbox/config.go:58.2,59.18 2 1
github.com/highlight-apps/node-backend/backend/singbox/config.go:59.18,61.3 1 1
github.com/highlight-apps/node-backend/backend/singbox/config.go:63.2,66.15 3 1
github.com/highlight-apps/node-backend/backend/singbox/config.go:66.15,68.3 1 1
github.com/highlight-apps/node-backend/backend/singbox/config.go:70.2,72.46 2 1
github.com/highlight-apps/node-backend/backend/singbox/config.go:72.46,74.3 1 1
github.com/highlight-apps/node-backend/backend/singbox/config.go:76.2,77.38 2 1
github.com/highlight-apps/node-backend/backend/singbox/config.go:80.43,82.9 2 1
github.com/highlight-apps/node-backend/backend/singbox/config.go:82.9,84.3 1 1
github.com/highlight-apps/node-backend/backend/singbox/config.go:86.2,96.32 2 1
github.com/highlight-apps/node-backend/backend/singbox/config.go:96.32,98.10 2 1
github.com/highlight-apps/node-backend/backend/singbox/config.go:98.10,99.12 1 1
github.com/highlight-apps/node-backend/backend/singbox/config.go:102.3,105.62 3 1
github.com/highlight-apps/node-backend/backend/singbox/config.go:105.62,106.12 1 1
github.com/highlight-apps/node-backend/backend/singbox/config.go:109.3,122.61 2 1
github.com/highlight-apps/node-backend/backend/singbox/config.go:122.61,123.59 1 1
github.com/highlight-apps/node-backend/backend/singbox/config.go:123.59,125.64 2 1
github.com/highlight-apps/node-backend/backend/singbox/config.go:125.64,128.6 2 1
github.com/highlight-apps/node-backend/backend/singbox/config.go:130.5,130.75 1 1
github.com/highlight-apps/node-backend/backend/singbox/config.go:130.75,131.79 1 1
github.com/highlight-apps/node-backend/backend/singbox/config.go:131.79,134.57 2 1
github.com/highlight-apps/node-backend/backend/singbox/config.go:134.57,136.22 2 1
github.com/highlight-apps/node-backend/backend/singbox/config.go:136.22,138.9 1 1
github.com/highlight-apps/node-backend/backend/singbox/config.go:141.7,141.79 1 1
github.com/highlight-apps/node-backend/backend/singbox/config.go:141.79,142.51 1 1
github.com/highlight-apps/node-backend/backend/singbox/config.go:142.51,144.9 1 1
github.com/highlight-apps/node-backend/backend/singbox/config.go:144.14,146.9 1 1
github.com/highlight-apps/node-backend/backend/singbox/config.go:147.13,149.8 1 1
github.com/highlight-apps/node-backend/backend/singbox/config.go:155.3,155.85 1 1
github.com/highlight-apps/node-backend/backend/singbox/config.go:155.85,156.57 1 1
github.com/highlight-apps/node-backend/backend/singbox/config.go:156.57,159.24 2 1
github.com/highlight-apps/node-backend/backend/singbox/config.go:160.15,161.52 1 1
github.com/highlight-apps/node-backend/backend/singbox/config.go:161.52,163.7 1 1
github.com/highlight-apps/node-backend/backend/singbox/config.go:164.17,165.52 1 1
github.com/highlight-apps/node-backend/backend/singbox/config.go:165.52,167.7 1 1
github.com/highlight-apps/node-backend/backend/singbox/config.go:168.6,170.51 3 1
github.com/highlight-apps/node-backend/backend/singbox/config.go:170.51,172.30 2 1
github.com/highlight-apps/node-backend/backend/singbox/config.go:172.30,173.38 1 1
github.com/highlight-apps/node-backend/backend/singbox/config.go:173.38,175.9 1 1
github.com/highlight-apps/node-backend/backend/singbox/config.go:177.7,177.34 1 1
github.com/highlight-apps/node-backend/backend/singbox/config.go:179.17,180.67 1 1
github.com/highlight-apps/node-backend/backend/singbox/config.go:180.67,182.7 1 1
github.com/highlight-apps/node-backend/backend/singbox/config.go:183.24,184.52 1 1
github.com/highlight-apps/node-backend/backend/singbox/config.go:184.52,186.7 1 1
github.com/highlight-apps/node-backend/backend/singbox/config.go:191.3,191.33 1 1
github.com/highlight-apps/node-backend/backend/singbox/config.go:191.33,192.45 1 1
github.com/highlight-apps/node-backend/backend/singbox/config.go:192.45,194.5 1 1
github.com/highlight-apps/node-backend/backend/singbox/config.go:195.9,195.40 1 1
github.com/highlight-apps/node-backend/backend/singbox/config.go:195.40,196.46 1 1
github.com/highlight-apps/node-backend/backend/singbox/config.go:196.46,197.63 1 1
github.com/highlight-apps/node-backend/backend/singbox/config.go:197.63,198.61 1 1
github.com/highlight-apps/node-backend/backend/singbox/config.go:198.61,199.74 1 1
github.com/highlight-apps/node-backend/backend/singbox/config.go:199.74,202.8 2 1
github.com/highlight-apps/node-backend/backend/singbox/config.go:208.3,209.34 2 1
github.com/highlight-apps/node-backend/backend/singbox/config.go:213.84,216.16 3 1
github.com/highlight-apps/node-backend/backend/singbox/config.go:216.16,218.3 1 1
github.com/highlight-apps/node-backend/backend/singbox/config.go:220.2,221.9 2 1
github.com/highlight-apps/node-backend/backend/singbox/config.go:221.9,223.3 1 1
github.com/highlight-apps/node-backend/backend/singbox/config.go:225.2,225.32 1 1
github.com/highlight-apps/node-backend/backend/singbox/config.go:225.32,227.10 2 1
github.com/highlight-apps/node-backend/backend/singbox/config.go:227.10,228.12 1 1
github.com/highlight-apps/node-backend/backend/singbox/config.go:231.3,231.70 1 1
github.com/highlight-apps/node-backend/backend/singbox/config.go:231.70,233.17 2 1
github.com/highlight-apps/node-backend/backend/singbox/config.go:233.17,235.5 1 1
github.com/highlight-apps/node-backend/backend/singbox/config.go:237.4,245.55 7 1
github.com/highlight-apps/node-backend/backend/singbox/config.go:245.55,247.37 2 1
github.com/highlight-apps/node-backend/backend/singbox/config.go:247.37,248.39 1 1
github.com/highlight-apps/node-backend/backend/singbox/config.go:248.39,250.7 1 1
github.com/highlight-apps/node-backend/backend/singbox/config.go:252.10,252.65 1 1
github.com/highlight-apps/node-backend/backend/singbox/config.go:252.65,254.5 1 1
github.com/highlight-apps/node-backend/backend/singbox/config.go:254.10,256.5 1 1
github.com/highlight-apps/node-backend/backend/singbox/config.go:258.4,260.14 2 1
github.com/highlight-apps/node-backend/backend/singbox/config.go:260.14,263.5 2 1
github.com/highlight-apps/node-backend/backend/singbox/config.go:265.4,266.9 2 1
github.com/highlight-apps/node-backend/backend/singbox/config.go:270.2,270.12 1 1
github.com/highlight-apps/node-backend/backend/singbox/config.go:273.81,277.9 3 1
github.com/highlight-apps/node-backend/backend/singbox/config.go:277.9,279.3 1 1
github.com/highlight-apps/node-backend/backend/singbox/config.go:281.2,281.32 1 1
github.com/highlight-apps/node-backend/backend/singbox/config.go:281.32,283.10 2 1
github.com/highlight-apps/node-backend/backend/singbox/config.go:283.10,284.12 1 1
github.com/highlight-apps/node-backend/backend/singbox/config.go:287.3,287.70 1 1
github.com/highlight-apps/node-backend/backend/singbox/config.go:287.70,289.17 2 1
github.com/highlight-apps/node-backend/backend/singbox/config.go:289.17,290.13 1 1
github.com/highlight-apps/node-backend/backend/singbox/config.go:293.4,294.35 2 1
github.com/highlight-apps/node-backend/backend/singbox/config.go:294.35,296.12 2 1
github.com/highlight-apps/node-backend/backend/singbox/config.go:296.12,297.14 1 1
github.com/highlight-apps/node-backend/backend/singbox/config.go:300.5,303.42 3 1
github.com/highlight-apps/node-backend/backend/singbox/config.go:303.42,304.14 1 1
github.com/highlight-apps/node-backend/backend/singbox/config.go:306.5,306.46 1 1
github.com/highlight-apps/node-backend/backend/singbox/config.go:306.46,307.14 1 1
github.com/highlight-apps/node-backend/backend/singbox/config.go:310.5,310.52 1 1
github.com/highlight-apps/node-backend/backend/singbox/config.go:313.4,315.9 3 1
github.com/highlight-apps/node-backend/backend/singbox/config.go:319.2,319.12 1 1
github.com/highlight-apps/node-backend/backend/singbox/config.go:322.77,324.35 2 1
github.com/highlight-apps/node-backend/backend/singbox/config.go:324.35,325.58 1 1
github.com/highlight-apps/node-backend/backend/singbox/config.go:325.58,327.4 1 1
github.com/highlight-apps/node-backend/backend/singbox/config.go:329.2,329.12 1 1
github.com/highlight-apps/node-backend/backend/singbox/config.go:332.57,334.43 2 1
github.com/highlight-apps/node-backend/backend/singbox/config.go:334.43,343.3 4 1
github.com/highlight-apps/node-backend/backend/singbox/config.go:344.2,344.17 1 1
github.com/highlight-apps/node-backend/backend/singbox/config.go:347.50,349.16 2 1
github.com/highlight-apps/node-backend/backend/singbox/config.go:349.16,351.3 1 1
github.com/highlight-apps/node-backend/backend/singbox/config.go:352.2,352.26 1 1
github.com/highlight-apps/node-backend/backend/singbox/runner.go:25.93,27.19 2 1
github.com/highlight-apps/node-backend/backend/singbox/runner.go:27.19,29.3 1 1
github.com/highlight-apps/node-backend/backend/singbox/runner.go:29.8,31.3 1 1
github.com/highlight-apps/node-backend/backend/singbox/runner.go:33.2,38.15 4 1
github.com/highlight-apps/node-backend/backend/singbox/runner.go:41.51,43.16 2 1
github.com/highlight-apps/node-backend/backend/singbox/runner.go:43.16,45.3 1 1
github.com/highlight-apps/node-backend/backend/singbox/runner.go:46.2,46.21 1 1
github.com/highlight-apps/node-backend/backend/singbox/runner.go:49.52,50.30 1 1
github.com/highlight-apps/node-backend/backend/singbox/runner.go:50.30,53.3 2 1
github.com/highlight-apps/node-backend/backend/singbox/runner.go:55.2,56.16 2 1
github.com/highlight-apps/node-backend/backend/singbox/runner.go:56.16,59.3 2 1
github.com/highlight-apps/node-backend/backend/singbox/runner.go:61.2,65.51 3 1
github.com/highlight-apps/node-backend/backend/singbox/runner.go:65.51,69.3 3 1
github.com/highlight-apps/node-backend/backend/singbox/runner.go:71.2,72.12 2 1
github.com/highlight-apps/node-backend/backend/singbox/runner.go:75.54,78.43 2 1
github.com/highlight-apps/node-backend/backend/singbox/runner.go:78.43,81.3 2 1
github.com/highlight-apps/node-backend/backend/singbox/runner.go:84.40,86.2 1 1
github.com/highlight-apps/node-backend/backend/singbox/runner.go:88.38,89.20 1 1
github.com/highlight-apps/node-backend/backend/singbox/runner.go:89.20,91.3 1 1
github.com/highlight-apps/node-backend/backend/singbox/runner.go:93.2,93.44 1 1
github.com/highlight-apps/node-backend/backend/singbox/runner.go:93.44,95.3 1 1
github.com/highlight-apps/node-backend/backend/singbox/runner.go:97.2,101.12 4 1
github.com/highlight-apps/node-backend/backend/singbox/runner.go:104.73,105.28 1 1
github.com/highlight-apps/node-backend/backend/singbox/runner.go:105.28,107.3 1 1
github.com/highlight-apps/node-backend/backend/singbox/runner.go:109.2,111.16 3 1
github.com/highlight-apps/node-backend/backend/singbox/runner.go:111.16,113.3 1 1
github.com/highlight-apps/node-backend/backend/singbox/runner.go:115.2,115.58 1 1
github.com/highlight-apps/node-backend/backend/singbox/runner.go:115.58,119.3 3 1
github.com/highlight-apps/node-backend/backend/singbox/runner.go:121.2,121.47 1 1
github.com/highlight-apps/node-backend/backend/singbox/runner.go:121.47,124.3 2 1
github.com/highlight-apps/node-backend/backend/singbox/runner.go:126.2,129.30 3 1
github.com/highlight-apps/node-backend/backend/singbox/runner.go:132.44,133.28 1 1
github.com/highlight-apps/node-backend/backend/singbox/runner.go:133.28,134.53 1 1
github.com/highlight-apps/node-backend/backend/singbox/runner.go:134.53,136.4 1 1
github.com/highlight-apps/node-backend/backend/singbox/runner.go:136.9,138.4 1 1
github.com/highlight-apps/node-backend/backend/singbox/runner.go:139.3,139.24 1 1
github.com/highlight-apps/node-backend/backend/singbox/stats.go:61.75,66.16 2 1
github.com/highlight-apps/node-backend/backend/singbox/stats.go:66.16,68.3 1 1
github.com/highlight-apps/node-backend/backend/singbox/stats.go:70.2,74.8 1 1
github.com/highlight-apps/node-backend/backend/singbox/stats.go:77.40,78.19 1 1
github.com/highlight-apps/node-backend/backend/singbox/stats.go:78.19,80.3 1 1
github.com/highlight-apps/node-backend/backend/singbox/stats.go:81.2,81.12 1 1
github.com/highlight-apps/node-backend/backend/singbox/stats.go:89.67,91.16 2 1
github.com/highlight-apps/node-backend/backend/singbox/stats.go:91.16,93.3 1 1
github.com/highlight-apps/node-backend/backend/singbox/stats.go:95.2,98.8 1 1
github.com/highlight-apps/node-backend/backend/singbox/stats.go:101.82,103.16 2 1
github.com/highlight-apps/node-backend/backend/singbox/stats.go:103.16,105.3 1 1
github.com/highlight-apps/node-backend/backend/singbox/stats.go:107.2,118.8 1 1
github.com/highlight-apps/node-backend/backend/singbox/stats.go:121.106,126.16 2 1
github.com/highlight-apps/node-backend/backend/singbox/stats.go:126.16,128.3 1 1
github.com/highlight-apps/node-backend/backend/singbox/stats.go:130.2,131.37 2 1
github.com/highlight-apps/node-backend/backend/singbox/stats.go:131.37,133.22 2 1
github.com/highlight-apps/node-backend/backend/singbox/stats.go:133.22,140.4 1 1
github.com/highlight-apps/node-backend/backend/singbox/stats.go:142.2,142.21 1 1
github.com/highlight-apps/node-backend/backend/singbox/stats.go:145.93,147.2 1 1
github.com/highlight-apps/node-backend/backend/singbox/stats.go:149.96,151.2 1 1
github.com/highlight-apps/node-backend/backend/singbox/stats.go:153.97,155.2 1 1
github.com/highlight-apps/node-backend/backend/singbox/stats.go:157.110,159.16 2 1
github.com/highlight-apps/node-backend/backend/singbox/stats.go:159.16,161.3 1 1
github.com/highlight-apps/node-backend/backend/singbox/stats.go:163.2,164.29 2 1
github.com/highlight-apps/node-backend/backend/singbox/stats.go:164.29,165.20 1 1
github.com/highlight-apps/node-backend/backend/singbox/stats.go:166.17,167.23 1 1
github.com/highlight-apps/node-backend/backend/singbox/stats.go:168.19,169.25 1 1
github.com/highlight-apps/node-backend/backend/singbox/stats.go:173.2,177.8 1 1
github.com/highlight-apps/node-backend/backend/singbox/stats.go:180.114,182.16 2 1
github.com/highlight-apps/node-backend/backend/singbox/stats.go:182.16,184.3 1 1
github.com/highlight-apps/node-backend/backend/singbox/stats.go:186.2,187.29 2 1
github.com/highlight-apps/node-backend/backend/singbox/stats.go:187.29,188.20 1 1
github.com/highlight-apps/node-backend/backend/singbox/stats.go:189.17,190.23 1 1
github.com/highlight-apps/node-backend/backend/singbox/stats.go:191.19,192.25 1 1
github.com/highlight-apps/node-backend/backend/singbox/stats.go:196.2,200.8 1 1
github.com/highlight-apps/node-backend/backend/singbox/stats.go:203.116,205.16 2 1
github.com/highlight-apps/node-backend/backend/singbox/stats.go:205.16,207.3 1 1
github.com/highlight-apps/node-backend/backend/singbox/stats.go:209.2,210.29 2 1
github.com/highlight-apps/node-backend/backend/singbox/stats.go:210.29,211.20 1 1
github.com/highlight-apps/node-backend/backend/singbox/stats.go:212.17,213.23 1 1
github.com/highlight-apps/node-backend/backend/singbox/stats.go:214.19,215.25 1 1
github.com/highlight-apps/node-backend/backend/singbox/stats.go:219.2,223.8 1 1
github.com/highlight-apps/node-backend/backend/singbox/version.go:12.75,14.2 1 0
github.com/highlight-apps/node-backend/backend/singbox/version.go:16.63,18.16 2 1
github.com/highlight-apps/node-backend/backend/singbox/version.go:18.16,20.3 1 1
github.com/highlight-apps/node-backend/backend/singbox/version.go:21.2,22.22 2 1
github.com/highlight-apps/node-backend/backend/singbox/version.go:22.22,24.3 1 1
github.com/highlight-apps/node-backend/backend/singbox/version.go:25.2,25.24 1 1
